<?xml version="1.0" encoding="UTF-8"?>
<!-- Generated by org.testng.reporters.JUnitXMLReporter -->
<testsuite hostname="LAPTOP-B5GV5SUH" ignored="3" tests="2" failures="0" timestamp="2021-01-14T09:19:20 PST" time="20.772" errors="0">
  <testcase name="JavaStreamPractice" time="0.05" classname="JavaStreamsPractise"/>
  <testcase name="javaStream" time="20.673" classname="JavaStreamsWithSelenium"/>
  <testcase name="Introduction" time="0.0" classname="Intro">
    <ignored/>
  </testcase> <!-- Introduction -->
  <testcase name="windowHandle" time="0.0" classname="WindowsHandling">
    <ignored/>
  </testcase> <!-- windowHandle -->
  <testcase name="calendar" time="0.0" classname="CalendarHandling">
    <ignored/>
  </testcase> <!-- calendar -->
</testsuite>
